#-----------------------------------------------------------
# Vivado v2019.2 (64-bit)
# SW Build 2708876 on Wed Nov  6 21:40:23 MST 2019
# IP Build 2700528 on Thu Nov  7 00:09:20 MST 2019
# Start of session at: Sat Mar  8 21:57:33 2025
# Process ID: 78292
# Current directory: D:/MIPS/LA32R/CPUProject
# Command line: vivado.exe -gui_launcher_event rodinguilauncherevent78760 D:\MIPS\LA32R\CPUProject\thinpad_top.xpr
# Log file: D:/MIPS/LA32R/CPUProject/vivado.log
# Journal file: D:/MIPS/LA32R/CPUProject\vivado.jou
#-----------------------------------------------------------
start_gui
open_project D:/MIPS/LA32R/CPUProject/thinpad_top.xpr
Scanning sources...
Finished scanning sources
INFO: [IP_Flow 19-234] Refreshing IP repositories
INFO: [IP_Flow 19-1704] No user IP repositories specified
INFO: [IP_Flow 19-2313] Loaded Vivado IP repository 'D:/Vivado/Vivado/2019.2/data/ip'.
open_project: Time (s): cpu = 00:00:10 ; elapsed = 00:00:10 . Memory (MB): peak = 915.707 ; gain = 214.613
update_compile_order -fileset sources_1
launch_simulation
Command: launch_simulation 
INFO: [Vivado 12-5698] Checking validity of IPs in the design for the 'XSim' simulator...
INFO: [Vivado 12-5682] Launching behavioral simulation in 'D:/MIPS/LA32R/CPUProject/thinpad_top.sim/sim_1/behav/xsim'
INFO: [Vivado 12-4795] Using compiled simulation libraries for IPs
INFO: [SIM-utils-51] Simulation object is 'sim_1'
INFO: [USF-XSim-7] Finding pre-compiled libraries...
INFO: [USF-XSim-11] File 'D:/Vivado/Vivado/2019.2/data/xsim/xsim.ini' copied to run dir:'D:/MIPS/LA32R/CPUProject/thinpad_top.sim/sim_1/behav/xsim'
INFO: [SIM-utils-54] Inspecting design source files for 'tb' in fileset 'sim_1'...
INFO: [SIM-utils-43] Exported 'D:/MIPS/LA32R/CPUProject/thinpad_top.sim/sim_1/behav/xsim/CFImemory64Mb_top.mem'
INFO: [SIM-utils-43] Exported 'D:/MIPS/LA32R/CPUProject/thinpad_top.sim/sim_1/behav/xsim/CFImemory64Mb_bottom.mem'
INFO: [SIM-utils-43] Exported 'D:/MIPS/LA32R/CPUProject/thinpad_top.sim/sim_1/behav/xsim/CFImemory64Mb_top.mem'
INFO: [SIM-utils-43] Exported 'D:/MIPS/LA32R/CPUProject/thinpad_top.sim/sim_1/behav/xsim/CFImemory64Mb_bottom.mem'
INFO: [USF-XSim-97] Finding global include files...
INFO: [USF-XSim-98] Fetching design files from 'sim_1'...
INFO: [USF-XSim-2] XSim::Compile design
INFO: [USF-XSim-61] Executing 'COMPILE and ANALYZE' step in 'D:/MIPS/LA32R/CPUProject/thinpad_top.sim/sim_1/behav/xsim'
"xvlog --incr --relax -prj tb_vlog.prj"
INFO: [VRFC 10-2263] Analyzing Verilog file "D:/MIPS/LA32R/CPUProject/thinpad_top.srcs/sources_1/ip/pll_example/pll_example_clk_wiz.v" into library xil_defaultlib
INFO: [VRFC 10-311] analyzing module pll_example_clk_wiz
INFO: [VRFC 10-2263] Analyzing Verilog file "D:/MIPS/LA32R/CPUProject/thinpad_top.srcs/sources_1/ip/pll_example/pll_example.v" into library xil_defaultlib
INFO: [VRFC 10-311] analyzing module pll_example
INFO: [VRFC 10-2263] Analyzing Verilog file "D:/MIPS/LA32R/CPUProject/thinpad_top.srcs/sim_1/new/28F640P30.v" into library xil_defaultlib
INFO: [VRFC 10-311] analyzing module BankLib
INFO: [VRFC 10-311] analyzing module TimingDataModule
INFO: [VRFC 10-311] analyzing module TimingLibModule
INFO: [VRFC 10-311] analyzing module BlockLockModule
INFO: [VRFC 10-311] analyzing module CFIqueryModule
INFO: [VRFC 10-311] analyzing module DataErrorModule
INFO: [VRFC 10-311] analyzing module ConfigRegModule
INFO: [VRFC 10-311] analyzing module SignatureModule
INFO: [VRFC 10-311] analyzing module CUIdecoder1
INFO: [VRFC 10-311] analyzing module CUIdecoder2
INFO: [VRFC 10-311] analyzing module CUIdecoder_Busy1
INFO: [VRFC 10-311] analyzing module EraseModule
INFO: [VRFC 10-311] analyzing module MemoryModule
INFO: [VRFC 10-311] analyzing module OutputBufferModule
INFO: [VRFC 10-311] analyzing module ProgramModule
INFO: [VRFC 10-311] analyzing module BuffEnhancedFactProgramModule
INFO: [VRFC 10-311] analyzing module ProtectRegModule
INFO: [VRFC 10-311] analyzing module ReadModule
INFO: [VRFC 10-311] analyzing module StatusRegModule
INFO: [VRFC 10-311] analyzing module KernelModule
INFO: [VRFC 10-311] analyzing module x28fxxxp30
INFO: [VRFC 10-311] analyzing module BurstModule
INFO: [VRFC 10-311] analyzing module BlankCheckModule
INFO: [VRFC 10-311] analyzing module ProgramBufferModule
INFO: [VRFC 10-311] analyzing module DebugModule
INFO: [VRFC 10-2263] Analyzing Verilog file "D:/MIPS/LA32R/CPUProject/thinpad_top.srcs/sources_1/new/ALU.v" into library xil_defaultlib
INFO: [VRFC 10-311] analyzing module ALU
INFO: [VRFC 10-2263] Analyzing Verilog file "D:/MIPS/LA32R/CPUProject/thinpad_top.srcs/sources_1/new/ALU_Control.v" into library xil_defaultlib
INFO: [VRFC 10-311] analyzing module ALU_Control
INFO: [VRFC 10-2263] Analyzing Verilog file "D:/MIPS/LA32R/CPUProject/thinpad_top.srcs/sources_1/new/Adder.v" into library xil_defaultlib
INFO: [VRFC 10-311] analyzing module CarryLookaheadAdder32
INFO: [VRFC 10-2263] Analyzing Verilog file "D:/MIPS/LA32R/CPUProject/thinpad_top.srcs/sources_1/new/BHT.v" into library xil_defaultlib
INFO: [VRFC 10-311] analyzing module BHT
INFO: [VRFC 10-2263] Analyzing Verilog file "D:/MIPS/LA32R/CPUProject/thinpad_top.srcs/sources_1/new/BTB.v" into library xil_defaultlib
INFO: [VRFC 10-311] analyzing module BTB
INFO: [VRFC 10-2263] Analyzing Verilog file "D:/MIPS/LA32R/CPUProject/thinpad_top.srcs/sources_1/new/CPU.v" into library xil_defaultlib
INFO: [VRFC 10-311] analyzing module CPU
INFO: [VRFC 10-2263] Analyzing Verilog file "D:/MIPS/LA32R/CPUProject/thinpad_top.srcs/sources_1/new/Control.v" into library xil_defaultlib
INFO: [VRFC 10-311] analyzing module Control
INFO: [VRFC 10-2263] Analyzing Verilog file "D:/MIPS/LA32R/CPUProject/thinpad_top.srcs/sources_1/new/EX_MEM_Register.v" into library xil_defaultlib
INFO: [VRFC 10-311] analyzing module EX_MEM_Register
INFO: [VRFC 10-2263] Analyzing Verilog file "D:/MIPS/LA32R/CPUProject/thinpad_top.srcs/sources_1/new/Extension.v" into library xil_defaultlib
INFO: [VRFC 10-311] analyzing module Extension
INFO: [VRFC 10-2263] Analyzing Verilog file "D:/MIPS/LA32R/CPUProject/thinpad_top.srcs/sources_1/new/Forward.v" into library xil_defaultlib
INFO: [VRFC 10-311] analyzing module Forward
INFO: [VRFC 10-2263] Analyzing Verilog file "D:/MIPS/LA32R/CPUProject/thinpad_top.srcs/sources_1/new/ID_EX_Register.v" into library xil_defaultlib
INFO: [VRFC 10-311] analyzing module ID_EX_Register
INFO: [VRFC 10-2263] Analyzing Verilog file "D:/MIPS/LA32R/CPUProject/thinpad_top.srcs/sources_1/new/IF_ID_Register.v" into library xil_defaultlib
INFO: [VRFC 10-311] analyzing module IF_ID_Register
INFO: [VRFC 10-2263] Analyzing Verilog file "D:/MIPS/LA32R/CPUProject/thinpad_top.srcs/sources_1/new/Load_use_Data_Hazard.v" into library xil_defaultlib
INFO: [VRFC 10-311] analyzing module Load_use_Data_Hazard
INFO: [VRFC 10-2263] Analyzing Verilog file "D:/MIPS/LA32R/CPUProject/thinpad_top.srcs/sources_1/new/MEM_WB_Register.v" into library xil_defaultlib
INFO: [VRFC 10-311] analyzing module MEM_WB_Register
INFO: [VRFC 10-2263] Analyzing Verilog file "D:/MIPS/LA32R/CPUProject/thinpad_top.srcs/sources_1/new/PC.v" into library xil_defaultlib
INFO: [VRFC 10-311] analyzing module PC
INFO: [VRFC 10-2263] Analyzing Verilog file "D:/MIPS/LA32R/CPUProject/thinpad_top.srcs/sources_1/new/Resolve_Branch.v" into library xil_defaultlib
INFO: [VRFC 10-311] analyzing module Resolve_Branch
INFO: [VRFC 10-2263] Analyzing Verilog file "D:/MIPS/LA32R/CPUProject/thinpad_top.srcs/sources_1/new/branch_check.v" into library xil_defaultlib
INFO: [VRFC 10-311] analyzing module branch_check
INFO: [VRFC 10-2263] Analyzing Verilog file "D:/MIPS/LA32R/CPUProject/thinpad_top.srcs/sim_1/new/clock.v" into library xil_defaultlib
INFO: [VRFC 10-311] analyzing module clock
INFO: [VRFC 10-2263] Analyzing Verilog file "D:/MIPS/LA32R/CPUProject/thinpad_top.srcs/sources_1/new/regfile.v" into library xil_defaultlib
INFO: [VRFC 10-311] analyzing module regfile
INFO: [VRFC 10-2263] Analyzing Verilog file "D:/MIPS/LA32R/CPUProject/thinpad_top.srcs/sim_1/new/sram_model.v" into library xil_defaultlib
INFO: [VRFC 10-311] analyzing module sram_model
INFO: [VRFC 10-2263] Analyzing Verilog file "D:/MIPS/LA32R/CPUProject/thinpad_top.srcs/sources_1/new/thinpad_top.v" into library xil_defaultlib
INFO: [VRFC 10-311] analyzing module thinpad_top
INFO: [USF-XSim-69] 'compile' step finished in '3' seconds
INFO: [USF-XSim-3] XSim::Elaborate design
INFO: [USF-XSim-61] Executing 'ELABORATE' step in 'D:/MIPS/LA32R/CPUProject/thinpad_top.sim/sim_1/behav/xsim'
"xelab -wto 1e0777dd008c45fcbaffd6b18f2c35e9 --incr --debug typical --relax --mt 2 -L xil_defaultlib -L unisims_ver -L unimacro_ver -L secureip -L xpm --snapshot tb_behav xil_defaultlib.tb xil_defaultlib.glbl -log elaborate.log"
Vivado Simulator 2019.2
Copyright 1986-1999, 2001-2019 Xilinx, Inc. All Rights Reserved.
Running: D:/Vivado/Vivado/2019.2/bin/unwrapped/win64.o/xelab.exe -wto 1e0777dd008c45fcbaffd6b18f2c35e9 --incr --debug typical --relax --mt 2 -L xil_defaultlib -L unisims_ver -L unimacro_ver -L secureip -L xpm --snapshot tb_behav xil_defaultlib.tb xil_defaultlib.glbl -log elaborate.log 
Using 2 slave threads.
Starting static elaboration
Pass Through NonSizing Optimizer
WARNING: [VRFC 10-3091] actual bit length 26 differs from formal bit length 20 for port 'immediate' [D:/MIPS/LA32R/CPUProject/thinpad_top.srcs/sources_1/new/CPU.v:173]
WARNING: [VRFC 10-3091] actual bit length 5 differs from formal bit length 6 for port 'funct_in' [D:/MIPS/LA32R/CPUProject/thinpad_top.srcs/sources_1/new/CPU.v:223]
WARNING: [VRFC 10-3091] actual bit length 5 differs from formal bit length 6 for port 'ui5_in' [D:/MIPS/LA32R/CPUProject/thinpad_top.srcs/sources_1/new/CPU.v:224]
WARNING: [VRFC 10-3091] actual bit length 5 differs from formal bit length 6 for port 'funct' [D:/MIPS/LA32R/CPUProject/thinpad_top.srcs/sources_1/new/CPU.v:241]
WARNING: [VRFC 10-3091] actual bit length 5 differs from formal bit length 6 for port 'ui5' [D:/MIPS/LA32R/CPUProject/thinpad_top.srcs/sources_1/new/CPU.v:242]
Completed static elaboration
Starting simulation data flow analysis
Completed simulation data flow analysis
Time Resolution for simulation is 1ps
Compiling module unisims_ver.IBUF
Compiling module unisims_ver.MMCME2_ADV(CLKFBOUT_MULT_F=20.0,...
Compiling module unisims_ver.BUFG
Compiling module xil_defaultlib.pll_example_clk_wiz
Compiling module xil_defaultlib.pll_example
Compiling module xil_defaultlib.PC
Compiling module xil_defaultlib.BHT
Compiling module xil_defaultlib.BTB
Compiling module xil_defaultlib.Resolve_Branch
Compiling module xil_defaultlib.IF_ID_Register
Compiling module xil_defaultlib.Control
Compiling module xil_defaultlib.regfile
Compiling module xil_defaultlib.Extension
Compiling module xil_defaultlib.ID_EX_Register
Compiling module xil_defaultlib.ALU_Control
Compiling module xil_defaultlib.CarryLookaheadAdder32
Compiling module xil_defaultlib.ALU
Compiling module xil_defaultlib.branch_check
Compiling module xil_defaultlib.EX_MEM_Register
Compiling module xil_defaultlib.MEM_WB_Register
Compiling module xil_defaultlib.Load_use_Data_Hazard
Compiling module xil_defaultlib.Forward
Compiling module xil_defaultlib.CPU
Compiling module xil_defaultlib.thinpad_top
Compiling module xil_defaultlib.clock
Compiling module xil_defaultlib.sram_model
Compiling module xil_defaultlib.DataErrorModule
Compiling module xil_defaultlib.CUIdecoder1_2
Compiling module xil_defaultlib.CUIdecoder_Busy1_1
Compiling module xil_defaultlib.CUIdecoder2_2
Compiling module xil_defaultlib.KernelModule_1
Compiling module xil_defaultlib.ReadModule_1
Compiling module xil_defaultlib.OutputBufferModule_1
Compiling module xil_defaultlib.StatusRegModule_1
Compiling module xil_defaultlib.MemoryModule(FILENAME_MEM="/tmp/...
Compiling module xil_defaultlib.ProgramModule_1
Compiling module xil_defaultlib.BuffEnhancedFactProgramModule_1
Compiling module xil_defaultlib.ProtectRegModule_1
Compiling module xil_defaultlib.EraseModule_1
Compiling module xil_defaultlib.BlankCheckModule_1
Compiling module xil_defaultlib.BlockLockModule_1
Compiling module xil_defaultlib.ProgramBufferModule_1
Compiling module xil_defaultlib.SignatureModule_1
Compiling module xil_defaultlib.CFIqueryModule_1
Compiling module xil_defaultlib.ConfigRegModule_1
Compiling module xil_defaultlib.BurstModule_1
Compiling module xil_defaultlib.BankLib
Compiling module xil_defaultlib.TimingDataModule
Compiling module xil_defaultlib.TimingLibModule_1
Compiling module xil_defaultlib.DebugModule
Compiling module xil_defaultlib.x28fxxxp30(FILENAME_MEM="/tmp/ke...
Compiling module xil_defaultlib.tb
Compiling module xil_defaultlib.glbl
Built simulation snapshot tb_behav
INFO: [USF-XSim-69] 'elaborate' step finished in '4' seconds
INFO: [USF-XSim-4] XSim::Simulate design
INFO: [USF-XSim-61] Executing 'SIMULATE' step in 'D:/MIPS/LA32R/CPUProject/thinpad_top.sim/sim_1/behav/xsim'
INFO: [USF-XSim-98] *** Running xsim
   with args "tb_behav -key {Behavioral:sim_1:Functional:tb} -tclbatch {tb.tcl} -log {simulate.log}"
INFO: [USF-XSim-8] Loading simulator feature
Vivado Simulator 2019.2
Time resolution is 1 ps
source tb.tcl
# set curr_wave [current_wave_config]
# if { [string length $curr_wave] == 0 } {
#   if { [llength [get_objects]] > 0} {
#     add_wave /
#     set_property needs_save false [current_wave_config]
#   } else {
#      send_msg_id Add_Wave-1 WARNING "No top level signals found. Simulator will start without a wave window. If you want to open a wave window go to 'File->New Waveform Configuration' or type 'create_wave_config' in the TCL console."
#   }
# }
# run 1000ns
[        0 ns]  --- Device is Busy  (start up time) --- 
WARNING: Insufficient data from the input file for $fread
BaseRAM Init Size(words):          13
WARNING: file /tmp/eram.bin could not be opened
Failed to open ExtRAM init file
ExtRAM Init Size(words):           0
[        0 ns]  ASynchronous Read Mode
[        0 ns]  VDD Voltage is OK
[        0 ns]  VDDQ Voltage is OK
[        0 ns] Inizialize the Memory to default value
WARNING: file /tmp/kernel.elf could not be opened
[        0 ns] Warning: File: /tmp/kernel.elf not found
[       60 ns]  --- Device is Ready (end of start-up time) --- 
INFO: [USF-XSim-96] XSim completed. Design snapshot 'tb_behav' loaded.
INFO: [USF-XSim-97] XSim simulation ran for 1000ns
launch_simulation: Time (s): cpu = 00:00:08 ; elapsed = 00:00:11 . Memory (MB): peak = 995.672 ; gain = 50.891
run 5 us
close_sim
INFO: [Simtcl 6-16] Simulation closed
exit
INFO: [Common 17-206] Exiting Vivado at Sat Mar  8 21:59:50 2025...
